t=11 0
t=13 1
t=15 1
t=16 1
t=17 1
t=18 1
t=19 1
t=21 2
t=24 3
t=26 4
t=28 5
t=32 6
t=34 7
t=40 8
t=42 8
t=43 8
t=49 9
t=50 9
t=51 9
t=52 9
t=56 10
t=60 10
t=61 10
t=62 11
t=64 11
t=66 12
t=71 13
t=73 13
t=75 13
t=77 14
t=81 15
t=85 15
t=86 15
t=87 15
t=88 16
t=94 17
t=96 17
t=98 17
t=99 18
t=102 19
t=107 20
t=109 20
t=111 20
t=112 20
t=113 21
t=115 21
t=117 22
t=122 23
t=124 23
t=126 23
t=127 24
t=129 24
t=131 25
t=134 25
t=137 26
t=140 26
t=141 27
t=143 27
t=150 28
t=153 29
t=155 29
t=158 30
t=161 30
t=162 31
t=165 31
t=166 0
t=168 0
t=170 1
t=172 1
t=176 2
t=179 2
t=181 3
t=183 2
t=184 3
t=185 3
t=187 4
t=193 5
t=195 5
t=197 5
t=198 6
t=200 6
t=202 7
t=205 7
t=206 8
t=209 8
t=210 9
t=214 9
t=215 10
t=218 10
t=220 11
t=223 11
t=224 12
t=226 12
t=228 13
t=232 13
t=233 14
t=235 14
t=237 15
t=239 15
t=241 16
t=244 17
t=246 17
t=250 18
t=252 18
t=253 18
t=255 19
t=258 20
