t=19 1
t=20 1
t=21 2
t=22 1
t=23 2
t=24 1
t=25 2
t=26 1
t=27 2
t=28 1
t=29 2
t=30 1
t=31 1
t=32 2
t=33 1
t=34 1
t=35 2
t=36 1
t=37 1
t=38 2
t=39 1
t=40 1
t=41 2
t=44 1
t=45 1
t=46 2
t=49 1
t=50 1
t=51 2
t=54 1
t=55 1
t=56 1
t=57 2
t=60 1
t=61 2
t=64 1
t=65 1
t=66 1
t=67 1
t=68 2
t=71 1
t=72 2
t=75 1
t=76 2
t=78 1
t=79 2
t=82 1
t=83 2
t=86 1
t=87 1
t=88 2
t=90 1
t=91 2
t=94 1
t=95 2
t=98 1
t=99 2
t=102 1
t=103 1
t=104 1
t=105 2
t=107 1
t=108 1
t=109 1
t=110 2
t=112 1
t=113 2
t=116 1
t=117 2
t=120 1
t=121 2
t=124 1
t=125 1
t=126 1
t=127 1
t=128 2
t=131 1
t=132 1
t=133 2
t=136 1
t=137 1
t=138 2
t=140 1
t=141 2
t=144 1
t=145 2
t=148 1
t=149 2
t=151 1
t=152 1
t=153 2
t=156 1
t=157 2
t=159 1
t=160 2
t=163 1
t=164 1
t=165 1
t=166 2
t=168 1
t=169 2
t=172 1
t=173 1
t=174 1
t=175 2
t=178 1
t=179 2
t=182 1
t=183 2
t=185 1
t=186 2
t=188 1
t=189 2
t=192 1
t=193 1
t=194 1
t=195 1
t=196 1
t=197 1
t=198 2
t=200 1
t=201 2
t=204 1
t=205 2
t=207 1
t=208 2
t=211 1
t=212 2
t=214 1
t=215 2
t=218 1
t=219 1
t=220 2
t=223 1
t=224 2
t=226 1
t=227 2
t=229 1
t=230 1
t=231 2
t=234 1
t=235 2
t=238 1
t=239 2
t=242 1
t=243 2
t=246 1
t=247 2
t=250 1
t=251 2
t=254 1
t=255 1
t=256 1
t=257 2
t=259 1
t=260 2
t=263 1
t=264 2
t=267 1
t=268 2
t=271 1
t=272 2
t=275 1
t=276 1
t=277 2
t=279 1
t=280 2
t=283 1
t=284 2
t=287 1
t=288 1
t=289 1
t=290 2
t=292 1
t=293 2
t=296 1
t=297 1
t=298 2
t=300 1
t=301 2
t=304 1
t=305 2
t=308 1
t=309 2
t=312 1
t=313 2
t=316 1
t=317 2
t=319 1
t=320 2
t=323 1
t=324 1
t=325 2
t=328 1
t=329 1
t=330 2
t=333 1
t=334 2
t=337 1
t=338 2
t=341 1
t=342 2
t=345 1
t=346 2
t=349 1
t=350 1
t=351 1
t=352 1
t=353 2
t=356 1
t=357 2
t=359 1
t=360 1
t=361 2
t=363 1
t=364 2
t=367 1
t=368 2
t=370 1
t=371 2
t=374 1
t=375 1
t=376 2
t=378 1
t=379 1
t=380 2
t=383 1
t=384 1
t=385 2
t=387 1
t=388 1
t=389 2
t=391 1
t=392 2
t=394 1
t=395 2
t=398 1
t=399 2
t=402 1
t=403 2
t=406 1
t=407 2
t=410 1
t=411 1
t=412 1
t=413 1
t=414 2
t=416 1
t=417 1
t=418 1
t=419 2
t=422 1
t=423 1
t=424 2
t=427 1
t=428 2
t=430 1
t=431 2
t=434 1
t=435 2
t=437 1
t=438 2
t=441 1
t=442 1
t=443 2
t=446 1
t=447 2
t=449 1
t=450 2
t=452 1
t=453 2
t=456 1
t=457 2
t=459 1
t=460 2
t=463 1
t=464 1
t=465 1
t=466 2
t=469 1
t=470 1
t=471 2
t=473 1
t=474 2
t=477 1
t=478 2
t=480 1
t=481 1
t=482 1
t=483 1
t=484 2
t=486 1
t=487 2
t=490 1
t=491 1
t=492 1
t=493 2
t=495 1
t=496 2
t=499 1
t=500 1
t=501 2
t=504 1
t=505 2
t=508 1
t=509 1
t=510 2
t=513 1
t=514 2
t=517 1
t=518 1
t=519 2
t=522 1
t=523 2
t=526 1
t=527 2
t=530 1
t=531 1
t=532 1
t=533 2
t=536 1
t=537 2
t=540 1
t=541 2
t=544 1
t=545 1
t=546 1
t=547 2
t=550 1
t=551 2
t=554 1
t=555 2
t=557 1
t=558 2
t=560 1
t=561 2
t=564 1
t=565 2
t=567 1
t=568 1
t=569 2
t=571 1
t=572 1
t=573 2
t=575 1
t=576 1
t=577 1
t=578 2
t=581 1
t=582 1
t=583 2
t=586 1
t=587 2
t=590 1
t=591 2
t=593 1
t=594 2
t=597 1
t=598 1
t=599 2
t=602 1
t=603 2
t=606 1
t=607 1
t=608 2
t=611 1
t=612 2
t=615 1
t=616 2
t=618 1
t=619 1
t=620 2
t=622 1
t=623 2
t=626 1
t=627 2
t=630 1
t=631 1
t=632 1
t=633 2
t=636 1
t=637 2
t=640 1
t=641 2
t=644 1
t=645 2
t=648 1
t=649 2
t=652 1
t=653 1
t=654 2
t=656 1
t=657 2
t=659 1
t=660 2
t=663 1
t=664 1
t=665 2
t=668 1
t=669 1
t=670 2
t=673 1
t=674 1
t=675 2
t=676 1
t=677 2
