t=1 0
t=2 1
t=3 2
t=4 3
t=5 4
t=6 5
t=7 6
t=8 7
t=9 8
t=10 9
t=12 10
t=15 11
t=25 2
t=27 3
t=29 4
t=31 5
t=33 6
t=35 7
t=37 8
t=39 9
t=41 10
t=43 12
t=45 11
t=47 13
t=49 12
t=51 14
t=53 13
t=55 15
t=57 14
t=59 16
t=61 15
t=63 17
t=65 16
t=67 18
t=69 17
t=71 19
t=73 18
t=75 20
t=77 19
t=79 21
t=81 20
t=83 22
t=85 21
t=87 23
t=89 22
t=91 24
t=93 23
t=95 25
t=97 24
t=99 26
t=101 25
t=103 27
t=105 26
t=107 28
t=109 27
t=111 29
t=113 28
t=115 30
t=117 29
t=119 31
t=121 30
t=123 0
t=125 31
t=127 1
t=129 0
t=131 2
t=133 1
t=135 3
t=137 2
t=139 4
t=141 3
t=143 5
t=145 4
t=147 6
t=149 5
t=151 7
t=153 6
t=155 8
t=157 7
t=159 9
t=161 8
t=163 10
t=165 9
t=167 11
t=169 10
t=171 12
t=173 11
t=175 13
t=177 12
t=179 14
t=181 13
t=183 15
t=185 14
t=187 16
t=189 15
t=191 17
t=193 16
t=195 18
t=197 17
t=199 19
t=201 18
t=203 20
t=205 19
t=207 21
t=209 20
t=211 22
t=213 21
t=215 23
t=217 22
t=219 24
t=221 23
t=223 25
t=225 24
t=227 26
t=229 25
t=231 27
t=233 26
t=235 28
t=237 27
t=239 29
t=241 28
t=243 30
t=245 29
t=247 31
t=249 30
t=251 0
t=253 31
t=255 1
t=257 0
t=259 2
t=261 1
t=263 3
t=265 2
t=267 4
t=269 3
t=271 5
t=273 4
t=275 6
t=277 5
t=279 7
t=281 6
t=283 8
t=285 7
t=287 9
t=289 8
t=291 10
t=293 9
t=295 11
t=297 10
t=299 12
t=301 11
t=303 13
t=305 12
t=307 14
t=309 13
t=311 15
t=313 14
t=315 16
t=317 15
t=319 17
t=321 16
t=323 18
t=325 17
t=327 19
t=329 18
t=331 20
t=333 19
t=335 21
t=337 20
t=339 22
t=341 21
t=343 23
t=345 22
t=347 24
t=349 23
t=351 25
t=353 24
t=355 26
t=357 25
t=359 27
t=361 26
t=363 28
t=365 27
t=367 29
t=369 28
t=371 30
t=373 29
t=375 31
t=377 30
t=379 0
t=381 31
t=383 1
t=385 0
t=387 2
t=389 1
t=391 3
t=393 2
t=395 4
t=397 3
t=399 5
t=401 4
t=403 6
t=405 5
t=407 7
t=409 6
t=411 8
t=413 7
t=415 9
t=417 8
t=419 10
t=421 9
t=423 11
t=425 10
t=427 12
t=429 11
t=431 13
t=433 12
t=435 14
t=437 13
t=439 15
t=441 14
t=443 16
t=445 15
t=447 17
t=449 16
t=451 18
t=453 17
t=455 19
t=457 18
t=459 20
t=461 19
t=463 21
t=465 20
t=467 22
t=469 21
t=471 23
t=473 22
t=475 24
t=477 23
t=479 25
t=481 24
t=483 26
t=485 25
t=487 27
t=489 26
t=491 28
t=493 27
t=495 29
t=497 28
t=499 30
t=501 29
t=503 31
t=505 30
t=507 0
t=509 31
t=511 1
t=513 0
t=515 2
t=517 1
t=519 3
t=521 2
t=523 4
t=525 3
t=527 5
t=529 4
t=531 6
t=533 5
t=535 7
t=537 6
t=539 8
t=541 7
t=543 9
t=545 8
t=547 10
t=549 9
t=551 11
t=553 10
t=555 12
t=557 11
t=559 13
t=561 12
t=563 14
t=565 13
t=567 15
t=569 14
t=571 16
t=573 15
t=575 17
t=577 16
t=579 18
t=581 17
t=583 19
t=585 18
t=587 20
t=589 19
t=591 21
t=593 20
t=595 22
t=597 21
t=599 23
t=601 22
t=603 24
t=605 23
t=607 25
t=609 24
t=611 26
t=613 25
t=615 27
t=617 26
t=619 28
t=621 27
t=623 29
t=625 28
t=627 30
t=629 29
t=631 31
t=633 30
t=635 0
t=637 31
t=639 1
t=641 0
t=643 1
